Case #1: -1
Case #2: 18 2 2 2 2 2 2 2 2 2 2 2 3 11 1 1 1 1 1 
Case #3: 17 2 2 2 2 2 2 3 3 3 13 1 1 1 1 1 1 1 
Case #4: 32 2 2 2 7 1 1 1 1 1 1 1 1 1 1 1 1 1 1 1 1 1 1 1 1 1 1 1 1 1 1 1 1 
Case #5: 16 2 2 2 2 2 2 2 2 2 5 7 7 1 1 1 1 
Case #6: -1
Case #7: 13 7 11 13 1 1 1 1 1 1 1 1 1 1 
Case #8: 24 2 3 3 3 3 3 3 3 3 1 1 1 1 1 1 1 1 1 1 1 1 1 1 1 
Case #9: 13 2 2 2 2 3 5 19 1 1 1 1 1 1 
Case #10: 18 2 2 2 2 2 2 2 2 2 5 5 7 1 1 1 1 1 1 
Case #11: 28 2 7 7 1 1 1 1 1 1 1 1 1 1 1 1 1 1 1 1 1 1 1 1 1 1 1 1 1 
Case #12: 22 2 2 2 2 2 3 3 11 1 1 1 1 1 1 1 1 1 1 1 1 1 1 
Case #13: 17 2 2 2 2 3 3 3 3 3 3 3 7 1 1 1 1 1 
Case #14: 34 2 2 2 5 1 1 1 1 1 1 1 1 1 1 1 1 1 1 1 1 1 1 1 1 1 1 1 1 1 1 1 1 1 1 
Case #15: 22 2 2 2 3 3 3 5 7 1 1 1 1 1 1 1 1 1 1 1 1 1 1 
Case #16: 18 2 3 5 7 11 1 1 1 1 1 1 1 1 1 1 1 1 1 
Case #17: 31 3 3 7 1 1 1 1 1 1 1 1 1 1 1 1 1 1 1 1 1 1 1 1 1 1 1 1 1 1 1 1 
Case #18: 18 2 2 2 2 2 3 3 3 13 1 1 1 1 1 1 1 1 1 
Case #19: 11 2 2 2 2 3 3 11 13 1 1 1 
Case #20: 19 2 2 2 2 2 2 2 2 2 2 3 3 3 3 5 1 1 1 1 
Case #21: 30 2 2 2 2 2 3 3 3 1 1 1 1 1 1 1 1 1 1 1 1 1 1 1 1 1 1 1 1 1 1 
Case #22: 10 2 3 3 3 5 11 11 1 1 1 
Case #23: -1
Case #24: 23 3 17 1 1 1 1 1 1 1 1 1 1 1 1 1 1 1 1 1 1 1 1 1 
Case #25: 8 2 2 2 3 13 17 1 1 
Case #26: 21 2 2 2 2 2 2 3 3 3 5 5 1 1 1 1 1 1 1 1 1 1 
Case #27: 12 2 3 3 5 5 5 7 7 1 1 1 1 
Case #28: 15 2 2 2 2 3 5 5 7 7 1 1 1 1 1 1 
Case #29: 26 2 2 2 2 2 3 3 3 3 3 1 1 1 1 1 1 1 1 1 1 1 1 1 1 1 1 
Case #30: 8 2 2 2 3 7 23 1 1 
Case #31: -1
Case #32: 20 2 2 2 2 2 2 2 2 2 3 3 3 3 3 3 1 1 1 1 1 
Case #33: 15 2 2 2 2 5 5 5 5 7 1 1 1 1 1 1 
Case #34: 25 2 2 2 2 2 2 3 3 7 1 1 1 1 1 1 1 1 1 1 1 1 1 1 1 1 
Case #35: 23 2 2 3 3 3 5 7 1 1 1 1 1 1 1 1 1 1 1 1 1 1 1 1 
Case #36: 25 2 2 2 2 2 2 3 3 3 5 1 1 1 1 1 1 1 1 1 1 1 1 1 1 1 
Case #37: 18 2 2 2 2 2 3 7 11 1 1 1 1 1 1 1 1 1 1 
Case #38: 32 2 3 7 1 1 1 1 1 1 1 1 1 1 1 1 1 1 1 1 1 1 1 1 1 1 1 1 1 1 1 1 1 
Case #39: 18 2 3 3 3 5 5 5 5 1 1 1 1 1 1 1 1 1 1 
Case #40: 29 3 11 1 1 1 1 1 1 1 1 1 1 1 1 1 1 1 1 1 1 1 1 1 1 1 1 1 1 1 
Case #41: -1
Case #42: 17 2 2 3 3 5 5 5 7 1 1 1 1 1 1 1 1 1 
Case #43: -1
Case #44: 16 2 2 2 3 3 3 5 7 7 1 1 1 1 1 1 1 
Case #45: 22 2 2 2 2 2 2 2 2 2 2 2 2 2 7 1 1 1 1 1 1 1 1 
Case #46: -1
Case #47: 13 2 2 3 3 3 5 17 1 1 1 1 1 1 
Case #48: 16 2 2 2 2 2 3 3 5 7 7 1 1 1 1 1 1 
Case #49: 17 2 2 2 2 2 2 2 2 2 2 2 2 3 5 7 1 1 
Case #50: 17 2 2 3 3 7 7 7 1 1 1 1 1 1 1 1 1 1 
Case #51: 14 2 2 2 2 2 3 3 3 5 13 1 1 1 1 
Case #52: 24 2 2 2 2 2 2 2 2 2 2 2 2 2 5 1 1 1 1 1 1 1 1 1 1 
Case #53: 33 3 7 1 1 1 1 1 1 1 1 1 1 1 1 1 1 1 1 1 1 1 1 1 1 1 1 1 1 1 1 1 1 1 
Case #54: 16 2 3 3 3 7 13 1 1 1 1 1 1 1 1 1 1 
Case #55: -1
Case #56: 14 2 2 2 2 2 3 3 3 3 5 11 1 1 1 
Case #57: -1
Case #58: 15 2 2 2 2 3 3 19 1 1 1 1 1 1 1 1 
Case #59: 15 2 2 2 2 2 2 2 2 3 3 5 11 1 1 1 
Case #60: 25 17 1 1 1 1 1 1 1 1 1 1 1 1 1 1 1 1 1 1 1 1 1 1 1 1 
Case #61: 20 2 3 3 7 11 1 1 1 1 1 1 1 1 1 1 1 1 1 1 1 
Case #62: 13 2 2 2 2 3 3 3 19 1 1 1 1 1 
Case #63: 20 2 2 2 3 3 3 3 3 3 3 3 3 1 1 1 1 1 1 1 1 
Case #64: 19 2 2 2 2 2 2 2 2 2 2 2 2 3 3 3 5 1 1 1 
Case #65: 21 2 2 3 3 3 3 5 7 1 1 1 1 1 1 1 1 1 1 1 1 1 
Case #66: 39 3 1 1 1 1 1 1 1 1 1 1 1 1 1 1 1 1 1 1 1 1 1 1 1 1 1 1 1 1 1 1 1 1 1 1 1 1 1 1 
Case #67: 23 2 2 2 2 2 2 2 2 2 2 2 2 3 3 3 1 1 1 1 1 1 1 1 
Case #68: 14 2 2 2 3 3 3 7 7 7 1 1 1 1 1 
Case #69: 18 2 3 3 3 5 13 1 1 1 1 1 1 1 1 1 1 1 1 
Case #70: 12 2 2 2 2 2 3 5 5 5 11 1 1 
Case #71: 10 2 3 3 5 5 7 13 1 1 1 
Case #72: 23 2 2 2 2 2 2 2 2 2 2 3 3 5 1 1 1 1 1 1 1 1 1 1 
Case #73: -1
Case #74: 21 2 2 2 2 3 5 5 7 1 1 1 1 1 1 1 1 1 1 1 1 1 
Case #75: -1
Case #76: 18 2 2 2 2 2 2 2 2 2 3 5 5 5 1 1 1 1 1 
Case #77: 11 2 2 2 2 3 3 5 19 1 1 1 
Case #78: -1
Case #79: 16 2 2 2 2 2 3 3 3 5 11 1 1 1 1 1 1 
Case #80: 21 3 3 3 3 3 3 3 3 5 1 1 1 1 1 1 1 1 1 1 1 1 
Case #81: 11 31 1 1 1 1 1 1 1 1 1 1 
Case #82: 15 2 2 2 2 2 2 3 5 5 5 7 1 1 1 1 
Case #83: 21 2 2 2 2 2 2 2 2 2 2 11 1 1 1 1 1 1 1 1 1 1 
Case #84: -1
Case #85: 17 2 2 3 3 5 5 11 1 1 1 1 1 1 1 1 1 1 
Case #86: 12 2 2 2 3 3 3 5 5 13 1 1 1 
Case #87: 23 2 2 3 5 11 1 1 1 1 1 1 1 1 1 1 1 1 1 1 1 1 1 1 
Case #88: -1
Case #89: 17 2 2 2 2 2 2 2 2 3 3 13 1 1 1 1 1 1 
Case #90: -1
Case #91: 17 2 2 2 2 3 5 5 5 7 1 1 1 1 1 1 1 1 
Case #92: 16 2 2 2 2 2 3 3 3 3 7 7 1 1 1 1 1 
Case #93: 14 2 2 2 3 3 3 3 5 5 5 5 1 1 1 
Case #94: 16 2 2 2 3 3 7 7 7 1 1 1 1 1 1 1 1 
Case #95: 15 2 2 2 2 2 2 3 5 5 11 1 1 1 1 1 
Case #96: 20 2 2 2 2 2 2 2 2 2 2 2 3 5 5 1 1 1 1 1 1 
Case #97: 14 2 2 2 3 3 3 5 5 11 1 1 1 1 1 
Case #98: 25 3 3 7 7 1 1 1 1 1 1 1 1 1 1 1 1 1 1 1 1 1 1 1 1 1 
Case #99: 16 2 2 2 3 3 3 3 3 3 3 3 3 5 1 1 1 
Case #100: -1
Case #101: 14 2 2 2 2 2 2 2 3 3 7 11 1 1 1 
Case #102: 15 2 2 2 2 2 2 3 3 3 5 5 7 1 1 1 
Case #103: 21 2 2 2 2 3 3 3 3 3 3 3 3 1 1 1 1 1 1 1 1 1 
Case #104: -1
Case #105: 29 2 2 2 2 2 2 7 1 1 1 1 1 1 1 1 1 1 1 1 1 1 1 1 1 1 1 1 1 1 
Case #106: 18 2 2 2 3 3 3 3 3 11 1 1 1 1 1 1 1 1 1 
Case #107: 18 2 2 2 3 3 3 3 3 3 3 3 3 3 1 1 1 1 1 
Case #108: 22 2 2 2 2 2 2 2 2 2 2 2 3 3 3 3 1 1 1 1 1 1 1 
Case #109: 10 2 3 3 3 3 5 19 1 1 1 
Case #110: 5 37 1 1 1 1 
Case #111: 25 2 2 3 5 5 5 1 1 1 1 1 1 1 1 1 1 1 1 1 1 1 1 1 1 1 
Case #112: -1
Case #113: -1
Case #114: -1
Case #115: 25 2 2 3 3 3 3 3 3 3 1 1 1 1 1 1 1 1 1 1 1 1 1 1 1 1 
Case #116: 27 2 2 3 5 7 1 1 1 1 1 1 1 1 1 1 1 1 1 1 1 1 1 1 1 1 1 1 
Case #117: 25 2 2 2 2 2 2 2 2 5 5 1 1 1 1 1 1 1 1 1 1 1 1 1 1 1 
Case #118: -1
Case #119: -1
Case #120: -1
Case #121: 28 2 2 2 3 3 7 1 1 1 1 1 1 1 1 1 1 1 1 1 1 1 1 1 1 1 1 1 1 
Case #122: 18 2 2 2 2 2 3 3 5 11 1 1 1 1 1 1 1 1 1 
Case #123: 22 2 2 2 2 2 2 2 2 2 5 7 1 1 1 1 1 1 1 1 1 1 1 
Case #124: 28 2 13 1 1 1 1 1 1 1 1 1 1 1 1 1 1 1 1 1 1 1 1 1 1 1 1 1 1 
Case #125: -1
Case #126: 17 2 2 3 3 3 3 3 3 11 1 1 1 1 1 1 1 1 
Case #127: 25 2 2 2 2 2 2 3 3 3 3 3 1 1 1 1 1 1 1 1 1 1 1 1 1 1 
Case #128: 18 2 2 2 5 5 13 1 1 1 1 1 1 1 1 1 1 1 1 
Case #129: -1
Case #130: 38 2 3 1 1 1 1 1 1 1 1 1 1 1 1 1 1 1 1 1 1 1 1 1 1 1 1 1 1 1 1 1 1 1 1 1 1 1 1 
Case #131: 27 2 2 2 2 2 2 2 2 2 2 5 1 1 1 1 1 1 1 1 1 1 1 1 1 1 1 1 
Case #132: 16 2 2 2 3 3 3 5 13 1 1 1 1 1 1 1 1 
Case #133: -1
Case #134: 35 2 2 2 2 3 1 1 1 1 1 1 1 1 1 1 1 1 1 1 1 1 1 1 1 1 1 1 1 1 1 1 1 1 1 1 
Case #135: -1
Case #136: -1
Case #137: 13 2 2 2 2 3 5 7 13 1 1 1 1 1 
Case #138: -1
Case #139: 17 2 2 3 3 3 17 1 1 1 1 1 1 1 1 1 1 1 
Case #140: 14 2 2 2 2 2 2 2 3 5 5 11 1 1 1 
Case #141: 17 2 2 2 2 5 5 5 5 5 1 1 1 1 1 1 1 1 
Case #142: 33 2 2 3 3 3 1 1 1 1 1 1 1 1 1 1 1 1 1 1 1 1 1 1 1 1 1 1 1 1 1 1 1 1 
Case #143: 25 2 2 2 2 2 2 3 5 5 1 1 1 1 1 1 1 1 1 1 1 1 1 1 1 1 
Case #144: -1
Case #145: 23 2 2 2 2 2 2 2 2 2 2 2 2 2 2 5 1 1 1 1 1 1 1 1 
Case #146: 19 2 2 2 2 2 2 5 7 7 1 1 1 1 1 1 1 1 1 1 
Case #147: 15 2 2 3 3 3 5 5 5 7 1 1 1 1 1 1 
Case #148: 12 2 2 2 3 7 7 13 1 1 1 1 1 
Case #149: 27 3 3 3 3 7 1 1 1 1 1 1 1 1 1 1 1 1 1 1 1 1 1 1 1 1 1 1 
Case #150: 16 2 3 5 5 5 11 1 1 1 1 1 1 1 1 1 1 
Case #151: 23 3 3 3 5 5 5 1 1 1 1 1 1 1 1 1 1 1 1 1 1 1 1 1 
Case #152: 25 3 3 3 3 3 7 1 1 1 1 1 1 1 1 1 1 1 1 1 1 1 1 1 1 1 
Case #153: 22 2 2 2 2 2 2 2 2 2 2 2 2 2 2 2 3 3 1 1 1 1 1 
Case #154: 23 2 2 3 3 13 1 1 1 1 1 1 1 1 1 1 1 1 1 1 1 1 1 1 
Case #155: -1
Case #156: -1
Case #157: 28 2 2 2 2 2 3 3 3 3 1 1 1 1 1 1 1 1 1 1 1 1 1 1 1 1 1 1 1 
Case #158: 24 2 2 2 2 2 3 3 5 5 1 1 1 1 1 1 1 1 1 1 1 1 1 1 1 
Case #159: 10 2 2 2 3 7 11 11 1 1 1 
Case #160: 17 2 2 2 2 2 2 2 2 3 5 5 7 1 1 1 1 1 
Case #161: 16 2 2 2 2 2 2 2 3 3 3 13 1 1 1 1 1 
Case #162: 20 2 3 3 3 3 3 11 1 1 1 1 1 1 1 1 1 1 1 1 1 
Case #163: 24 2 2 2 2 2 2 2 2 2 2 2 2 2 3 3 1 1 1 1 1 1 1 1 1 
Case #164: 17 2 2 2 2 2 2 3 3 5 5 7 1 1 1 1 1 1 
Case #165: 20 2 2 2 5 5 11 1 1 1 1 1 1 1 1 1 1 1 1 1 1 
Case #166: 14 2 2 2 2 2 3 3 3 5 7 7 1 1 1 
Case #167: 19 2 2 2 2 2 2 3 3 3 3 5 5 1 1 1 1 1 1 1 
Case #168: 21 2 2 2 2 2 2 3 3 5 7 1 1 1 1 1 1 1 1 1 1 1 
Case #169: 26 2 2 2 3 3 3 7 1 1 1 1 1 1 1 1 1 1 1 1 1 1 1 1 1 1 1 
Case #170: -1
Case #171: 13 2 2 2 2 2 2 3 5 5 7 7 1 1 
Case #172: -1
Case #173: -1
Case #174: 20 2 2 2 2 2 2 2 2 2 3 3 3 7 1 1 1 1 1 1 1 
Case #175: 19 2 2 2 2 3 3 3 3 3 3 3 5 1 1 1 1 1 1 1 
Case #176: 21 2 2 2 2 3 3 3 3 3 7 1 1 1 1 1 1 1 1 1 1 1 
Case #177: 21 2 2 2 2 3 3 3 3 3 3 5 1 1 1 1 1 1 1 1 1 1 
Case #178: 13 2 2 3 3 3 3 3 17 1 1 1 1 1 
Case #179: 18 2 2 2 2 2 2 2 2 2 2 2 2 2 3 5 5 1 1 
Case #180: 21 2 2 2 2 2 2 2 2 2 2 2 2 2 2 2 2 5 1 1 1 1 
Case #181: 20 2 2 2 3 3 5 11 1 1 1 1 1 1 1 1 1 1 1 1 1 
Case #182: 11 2 2 2 2 2 2 3 5 19 1 1 
Case #183: -1
Case #184: 27 2 2 3 3 5 5 1 1 1 1 1 1 1 1 1 1 1 1 1 1 1 1 1 1 1 1 1 
Case #185: -1
Case #186: 33 2 2 7 1 1 1 1 1 1 1 1 1 1 1 1 1 1 1 1 1 1 1 1 1 1 1 1 1 1 1 1 1 1 
Case #187: 10 2 2 2 2 2 3 13 13 1 1 
Case #188: -1
Case #189: 19 2 2 2 2 2 2 3 3 3 3 3 7 1 1 1 1 1 1 1 
Case #190: 15 2 2 2 2 3 3 3 3 3 3 5 7 1 1 1 
Case #191: -1
Case #192: 13 29 1 1 1 1 1 1 1 1 1 1 1 1 
Case #193: -1
Case #194: 25 2 2 5 5 7 1 1 1 1 1 1 1 1 1 1 1 1 1 1 1 1 1 1 1 1 
Case #195: -1
Case #196: 22 2 2 2 3 3 3 3 3 3 3 3 1 1 1 1 1 1 1 1 1 1 1 
Case #197: 26 2 2 2 3 3 5 5 1 1 1 1 1 1 1 1 1 1 1 1 1 1 1 1 1 1 1 
Case #198: 19 2 2 3 3 3 3 3 3 3 3 5 1 1 1 1 1 1 1 1 
Case #199: 17 2 2 3 3 3 3 3 7 7 1 1 1 1 1 1 1 1 
Case #200: 13 2 2 2 2 3 3 5 17 1 1 1 1 1 
Case #201: 19 2 2 2 2 2 2 3 3 5 5 5 1 1 1 1 1 1 1 1 
Case #202: 23 2 2 17 1 1 1 1 1 1 1 1 1 1 1 1 1 1 1 1 1 1 1 1 
Case #203: 22 2 2 2 2 2 2 2 2 2 3 3 3 5 1 1 1 1 1 1 1 1 1 
Case #204: 19 2 2 3 3 3 3 7 7 1 1 1 1 1 1 1 1 1 1 1 
Case #205: -1
Case #206: -1
Case #207: -1
Case #208: 15 2 2 2 2 2 2 2 2 3 5 13 1 1 1 1 
Case #209: 19 2 2 2 2 2 2 3 5 11 1 1 1 1 1 1 1 1 1 1 
Case #210: -1
Case #211: 20 2 2 2 2 2 2 2 2 2 2 2 3 3 3 5 1 1 1 1 1 
Case #212: 20 2 2 2 2 2 3 3 3 3 5 5 1 1 1 1 1 1 1 1 1 
Case #213: 22 2 2 2 2 2 3 3 3 3 3 5 1 1 1 1 1 1 1 1 1 1 1 
Case #214: 14 2 2 2 5 5 7 11 1 1 1 1 1 1 1 
Case #215: -1
Case #216: 22 2 2 2 2 2 2 2 3 3 3 3 3 3 1 1 1 1 1 1 1 1 1 
Case #217: -1
Case #218: -1
Case #219: 21 2 2 2 2 2 2 2 2 3 11 1 1 1 1 1 1 1 1 1 1 1 
Case #220: 21 11 11 1 1 1 1 1 1 1 1 1 1 1 1 1 1 1 1 1 1 1 
Case #221: -1
Case #222: 17 2 2 3 3 3 3 5 5 7 1 1 1 1 1 1 1 1 
Case #223: 3 3 37 1 
Case #224: -1
Case #225: 6 2 17 19 1 1 1 
Case #226: 19 2 2 2 2 2 2 2 2 2 2 3 3 3 7 1 1 1 1 1 
Case #227: 10 2 31 1 1 1 1 1 1 1 1 
Case #228: -1
Case #229: 13 2 2 2 2 3 3 3 3 5 13 1 1 1 
Case #230: 17 2 2 2 2 2 2 3 3 3 5 5 5 1 1 1 1 1 
Case #231: 18 2 2 2 2 2 3 3 3 7 7 1 1 1 1 1 1 1 1 
Case #232: 14 2 2 2 2 2 2 2 3 5 5 5 7 1 1 
Case #233: 14 2 3 3 3 5 5 7 7 1 1 1 1 1 1 
Case #234: 23 2 2 2 2 2 2 2 2 2 2 2 2 2 2 3 3 1 1 1 1 1 1 1 
Case #235: -1
Case #236: -1
Case #237: 29 13 1 1 1 1 1 1 1 1 1 1 1 1 1 1 1 1 1 1 1 1 1 1 1 1 1 1 1 1 
Case #238: -1
Case #239: 31 3 5 5 1 1 1 1 1 1 1 1 1 1 1 1 1 1 1 1 1 1 1 1 1 1 1 1 1 1 1 1 
Case #240: 18 2 2 2 2 2 3 3 3 3 5 7 1 1 1 1 1 1 1 
Case #241: 19 2 2 2 2 2 2 2 2 2 2 3 3 5 5 1 1 1 1 1 
Case #242: 25 7 11 1 1 1 1 1 1 1 1 1 1 1 1 1 1 1 1 1 1 1 1 1 1 1 
Case #243: 19 2 2 3 5 5 5 7 1 1 1 1 1 1 1 1 1 1 1 1 
Case #244: 20 2 2 2 2 2 2 2 2 2 2 2 3 3 7 1 1 1 1 1 1 
Case #245: -1
Case #246: -1
Case #247: 15 2 2 2 2 2 2 3 3 5 13 1 1 1 1 1 
Case #248: 31 2 2 3 7 1 1 1 1 1 1 1 1 1 1 1 1 1 1 1 1 1 1 1 1 1 1 1 1 1 1 1 
Case #249: 20 2 2 2 2 2 2 2 3 7 7 1 1 1 1 1 1 1 1 1 1 
Case #250: 14 2 2 2 3 5 5 5 5 7 1 1 1 1 1 
Case #251: 13 2 2 5 5 7 13 1 1 1 1 1 1 1 
Case #252: 20 2 3 5 5 5 7 1 1 1 1 1 1 1 1 1 1 1 1 1 1 
Case #253: 13 2 2 2 2 3 3 5 5 7 7 1 1 1 
Case #254: 37 3 3 1 1 1 1 1 1 1 1 1 1 1 1 1 1 1 1 1 1 1 1 1 1 1 1 1 1 1 1 1 1 1 1 1 1 1 
Case #255: -1
Case #256: 18 2 2 2 2 2 2 2 2 2 3 3 3 5 5 1 1 1 1 
Case #257: 15 2 2 2 2 2 2 2 2 3 5 5 5 5 1 1 
Case #258: -1
Case #259: 35 2 2 3 3 1 1 1 1 1 1 1 1 1 1 1 1 1 1 1 1 1 1 1 1 1 1 1 1 1 1 1 1 1 1 1 
Case #260: 14 2 2 2 2 2 3 5 7 11 1 1 1 1 1 
Case #261: 24 2 2 2 2 2 2 2 2 2 3 3 5 1 1 1 1 1 1 1 1 1 1 1 1 
Case #262: 14 2 2 2 2 2 3 3 5 5 11 1 1 1 1 
Case #263: 5 3 17 19 1 1 
Case #264: -1
Case #265: 28 2 2 2 3 3 3 3 3 1 1 1 1 1 1 1 1 1 1 1 1 1 1 1 1 1 1 1 1 
Case #266: 17 2 2 2 2 3 3 3 3 7 7 1 1 1 1 1 1 1 
Case #267: 22 2 2 2 5 7 7 1 1 1 1 1 1 1 1 1 1 1 1 1 1 1 1 
Case #268: 18 2 2 2 2 2 2 2 3 3 3 11 1 1 1 1 1 1 1 
Case #269: -1
Case #270: 12 2 2 2 2 2 3 3 11 11 1 1 1 
Case #271: 16 2 2 2 2 2 2 2 2 2 2 2 3 7 7 1 1 
Case #272: 23 2 2 2 2 2 2 2 2 2 2 2 2 7 1 1 1 1 1 1 1 1 1 1 
Case #273: 31 2 2 2 2 7 1 1 1 1 1 1 1 1 1 1 1 1 1 1 1 1 1 1 1 1 1 1 1 1 1 1 
Case #274: -1
Case #275: -1
Case #276: 16 2 2 2 2 2 2 2 3 3 5 11 1 1 1 1 1 
Case #277: 23 2 2 2 2 2 2 2 2 2 2 2 2 3 5 1 1 1 1 1 1 1 1 1 
Case #278: 13 2 2 3 3 3 5 5 13 1 1 1 1 1 
Case #279: 17 2 2 3 5 7 11 1 1 1 1 1 1 1 1 1 1 1 
Case #280: 31 5 7 1 1 1 1 1 1 1 1 1 1 1 1 1 1 1 1 1 1 1 1 1 1 1 1 1 1 1 1 1 
Case #281: -1
Case #282: -1
Case #283: 12 2 3 3 3 3 5 5 7 7 1 1 1 
Case #284: 14 2 2 2 2 2 3 5 5 5 5 5 1 1 1 
Case #285: 25 2 2 2 2 3 5 7 1 1 1 1 1 1 1 1 1 1 1 1 1 1 1 1 1 1 
Case #286: 14 2 2 2 3 3 3 7 13 1 1 1 1 1 1 
Case #287: 19 2 2 2 2 2 2 5 13 1 1 1 1 1 1 1 1 1 1 1 
Case #288: -1
Case #289: 21 3 19 1 1 1 1 1 1 1 1 1 1 1 1 1 1 1 1 1 1 1 
Case #290: 41 1 1 1 1 1 1 1 1 1 1 1 1 1 1 1 1 1 1 1 1 1 1 1 1 1 1 1 1 1 1 1 1 1 1 1 1 1 1 1 1 1 
Case #291: 20 2 3 3 5 7 7 1 1 1 1 1 1 1 1 1 1 1 1 1 1 
Case #292: 20 2 2 2 2 2 2 2 3 3 3 5 5 1 1 1 1 1 1 1 1 
Case #293: 13 2 2 2 2 2 2 3 3 7 13 1 1 1 
Case #294: 14 2 3 3 3 3 3 3 3 5 5 5 1 1 1 
Case #295: 26 2 2 2 2 2 3 3 7 1 1 1 1 1 1 1 1 1 1 1 1 1 1 1 1 1 1 
Case #296: 22 2 2 2 2 2 2 2 2 2 2 2 2 2 2 2 2 2 3 1 1 1 1 
Case #297: 25 2 2 2 2 2 2 2 2 2 2 2 2 2 2 2 2 1 1 1 1 1 1 1 1 1 
Case #298: 15 2 2 2 2 3 3 3 3 3 13 1 1 1 1 1 
Case #299: -1
Case #300: 22 2 2 2 2 2 3 3 3 5 5 1 1 1 1 1 1 1 1 1 1 1 1 
Case #301: 11 2 2 2 2 3 5 5 7 11 1 1 
Case #302: 15 5 23 1 1 1 1 1 1 1 1 1 1 1 1 1 
Case #303: -1
Case #304: 33 2 2 3 5 1 1 1 1 1 1 1 1 1 1 1 1 1 1 1 1 1 1 1 1 1 1 1 1 1 1 1 1 1 
Case #305: 15 2 2 2 2 3 11 11 1 1 1 1 1 1 1 1 
Case #306: 22 2 2 2 3 5 5 7 1 1 1 1 1 1 1 1 1 1 1 1 1 1 1 
Case #307: 22 2 2 2 2 2 2 2 2 2 2 2 2 2 3 5 1 1 1 1 1 1 1 
Case #308: 18 2 2 2 2 2 2 2 2 2 2 2 3 5 7 1 1 1 1 
Case #309: 20 2 2 2 2 2 3 3 3 11 1 1 1 1 1 1 1 1 1 1 1 
Case #310: 20 2 2 2 2 2 2 2 2 2 2 2 2 2 2 2 3 5 1 1 1 
Case #311: 28 2 2 2 2 2 2 2 3 3 3 1 1 1 1 1 1 1 1 1 1 1 1 1 1 1 1 1 1 
Case #312: 23 2 2 2 2 2 2 2 2 3 3 3 5 1 1 1 1 1 1 1 1 1 1 1 
Case #313: -1
Case #314: 23 2 2 2 2 2 2 2 2 2 2 5 5 1 1 1 1 1 1 1 1 1 1 1 
Case #315: -1
Case #316: 16 2 2 2 2 2 2 2 3 3 3 3 5 7 1 1 1 
Case #317: -1
Case #318: 15 2 2 2 2 5 19 1 1 1 1 1 1 1 1 1 
Case #319: 15 2 2 2 2 7 17 1 1 1 1 1 1 1 1 1 
Case #320: 16 2 2 2 2 2 5 17 1 1 1 1 1 1 1 1 1 
Case #321: 35 2 2 5 1 1 1 1 1 1 1 1 1 1 1 1 1 1 1 1 1 1 1 1 1 1 1 1 1 1 1 1 1 1 1 1 
Case #322: 34 2 3 5 1 1 1 1 1 1 1 1 1 1 1 1 1 1 1 1 1 1 1 1 1 1 1 1 1 1 1 1 1 1 1 
Case #323: 22 2 3 3 3 3 3 5 5 1 1 1 1 1 1 1 1 1 1 1 1 1 1 
Case #324: 20 2 2 2 2 2 2 2 2 2 3 3 3 3 5 1 1 1 1 1 1 
Case #325: 19 2 2 3 3 3 3 3 3 5 5 1 1 1 1 1 1 1 1 1 
Case #326: 22 2 2 2 2 2 2 2 2 2 3 3 7 1 1 1 1 1 1 1 1 1 1 
Case #327: 14 2 2 2 3 3 3 3 17 1 1 1 1 1 1 
Case #328: 26 2 2 2 3 3 3 3 5 1 1 1 1 1 1 1 1 1 1 1 1 1 1 1 1 1 1 
Case #329: 17 2 2 3 3 3 3 5 11 1 1 1 1 1 1 1 1 1 
Case #330: 25 3 3 13 1 1 1 1 1 1 1 1 1 1 1 1 1 1 1 1 1 1 1 1 1 1 
Case #331: -1
Case #332: -1
Case #333: 20 2 2 2 2 2 3 5 11 1 1 1 1 1 1 1 1 1 1 1 1 
Case #334: 29 3 5 7 1 1 1 1 1 1 1 1 1 1 1 1 1 1 1 1 1 1 1 1 1 1 1 1 1 1 
Case #335: 21 2 2 2 2 2 2 2 2 2 2 2 2 2 2 3 5 1 1 1 1 1 
Case #336: 16 2 2 2 2 2 3 3 3 3 13 1 1 1 1 1 1 
Case #337: 13 2 2 5 5 7 7 7 1 1 1 1 1 1 
Case #338: -1
Case #339: -1
Case #340: 21 2 2 2 2 3 3 7 7 1 1 1 1 1 1 1 1 1 1 1 1 1 
Case #341: -1
Case #342: 17 2 2 2 2 2 2 7 13 1 1 1 1 1 1 1 1 1 
Case #343: 22 2 2 2 2 2 2 2 2 2 3 3 3 3 3 1 1 1 1 1 1 1 1 
Case #344: 33 3 3 5 1 1 1 1 1 1 1 1 1 1 1 1 1 1 1 1 1 1 1 1 1 1 1 1 1 1 1 1 1 1 
Case #345: 24 2 2 2 2 2 2 2 3 3 3 3 3 1 1 1 1 1 1 1 1 1 1 1 1 
Case #346: 20 2 2 2 2 2 5 5 5 5 1 1 1 1 1 1 1 1 1 1 1 
Case #347: 16 2 2 2 2 2 2 2 3 3 5 5 7 1 1 1 1 
Case #348: 16 2 2 2 2 2 3 3 3 3 3 11 1 1 1 1 1 
Case #349: -1
Case #350: -1
Case #351: 13 5 7 19 1 1 1 1 1 1 1 1 1 1 
Case #352: 14 2 2 2 2 2 3 3 3 7 11 1 1 1 1 
Case #353: 20 2 2 2 2 2 2 2 5 11 1 1 1 1 1 1 1 1 1 1 1 
Case #354: 19 2 2 2 2 3 3 3 3 5 7 1 1 1 1 1 1 1 1 1 
Case #355: 32 2 5 5 1 1 1 1 1 1 1 1 1 1 1 1 1 1 1 1 1 1 1 1 1 1 1 1 1 1 1 1 1 
Case #356: 25 2 2 2 2 2 2 2 2 3 3 3 3 1 1 1 1 1 1 1 1 1 1 1 1 1 
Case #357: -1
Case #358: 18 2 2 2 2 2 3 3 3 3 11 1 1 1 1 1 1 1 1 
Case #359: 22 2 2 2 2 2 3 5 5 5 1 1 1 1 1 1 1 1 1 1 1 1 1 
Case #360: 23 19 1 1 1 1 1 1 1 1 1 1 1 1 1 1 1 1 1 1 1 1 1 1 
Case #361: 14 2 2 2 3 3 3 3 5 13 1 1 1 1 1 
Case #362: 8 2 2 2 3 29 1 1 1 
Case #363: 17 2 2 3 5 5 7 7 1 1 1 1 1 1 1 1 1 1 
Case #364: -1
Case #365: 22 2 2 2 5 5 5 5 1 1 1 1 1 1 1 1 1 1 1 1 1 1 1 
Case #366: -1
Case #367: 17 2 2 2 2 2 2 3 3 5 11 1 1 1 1 1 1 1 
Case #368: 7 5 5 11 17 1 1 1 
Case #369: 22 2 2 2 2 2 2 2 3 3 3 7 1 1 1 1 1 1 1 1 1 1 1 
Case #370: 18 2 2 2 2 2 3 3 5 5 7 1 1 1 1 1 1 1 1 
Case #371: 18 2 2 2 2 2 2 2 2 2 2 2 5 5 5 1 1 1 1 
Case #372: 17 2 2 2 2 3 3 5 7 7 1 1 1 1 1 1 1 1 
Case #373: -1
Case #374: -1
Case #375: 19 2 2 2 2 3 3 3 13 1 1 1 1 1 1 1 1 1 1 1 
Case #376: 23 2 2 2 2 3 3 11 1 1 1 1 1 1 1 1 1 1 1 1 1 1 1 1 
Case #377: 13 2 2 3 3 5 5 5 11 1 1 1 1 1 
Case #378: 26 2 2 2 13 1 1 1 1 1 1 1 1 1 1 1 1 1 1 1 1 1 1 1 1 1 1 
Case #379: -1
Case #380: 25 2 2 2 2 2 2 2 2 2 2 2 2 3 3 1 1 1 1 1 1 1 1 1 1 1 
Case #381: 17 2 2 2 2 2 2 2 2 2 2 3 7 7 1 1 1 1 
Case #382: -1
Case #383: 29 2 2 2 2 2 2 2 2 2 2 3 1 1 1 1 1 1 1 1 1 1 1 1 1 1 1 1 1 1 
Case #384: 25 2 2 3 3 3 3 7 1 1 1 1 1 1 1 1 1 1 1 1 1 1 1 1 1 1 
Case #385: -1
Case #386: 11 2 2 2 2 3 3 23 1 1 1 1 
Case #387: 28 2 2 2 2 2 3 7 1 1 1 1 1 1 1 1 1 1 1 1 1 1 1 1 1 1 1 1 1 
Case #388: 26 2 2 2 2 2 2 2 2 2 3 5 1 1 1 1 1 1 1 1 1 1 1 1 1 1 1 
Case #389: 15 2 2 3 3 3 3 3 3 5 5 5 1 1 1 1 
Case #390: 18 2 2 2 2 2 2 2 2 2 3 7 7 1 1 1 1 1 1 
Case #391: 24 2 3 3 3 3 3 3 5 1 1 1 1 1 1 1 1 1 1 1 1 1 1 1 1 
Case #392: 23 2 2 2 2 2 2 2 2 3 3 3 3 3 1 1 1 1 1 1 1 1 1 1 
Case #393: 16 2 3 5 7 13 1 1 1 1 1 1 1 1 1 1 1 
Case #394: -1
Case #395: 12 2 2 2 2 2 3 5 7 7 7 1 1 
Case #396: 9 2 2 2 2 3 5 23 1 1 
Case #397: 18 2 2 2 2 2 3 5 5 5 5 1 1 1 1 1 1 1 1 
Case #398: 23 2 2 2 2 2 2 2 2 2 2 3 3 3 3 1 1 1 1 1 1 1 1 1 
Case #399: 25 2 2 2 2 3 3 5 5 1 1 1 1 1 1 1 1 1 1 1 1 1 1 1 1 1 
Case #400: 18 2 2 2 2 2 2 2 3 3 3 3 5 5 1 1 1 1 1 
Case #401: 33 2 2 2 2 2 2 3 1 1 1 1 1 1 1 1 1 1 1 1 1 1 1 1 1 1 1 1 1 1 1 1 1 1 
Case #402: 16 2 2 2 3 3 3 3 3 5 5 5 1 1 1 1 1 
Case #403: 15 2 2 2 2 3 3 7 7 7 1 1 1 1 1 1 
Case #404: 23 2 2 3 3 7 7 1 1 1 1 1 1 1 1 1 1 1 1 1 1 1 1 1 
Case #405: 23 2 2 2 2 2 2 3 3 3 7 1 1 1 1 1 1 1 1 1 1 1 1 1 
Case #406: 16 2 2 2 2 2 2 2 3 3 3 7 7 1 1 1 1 
Case #407: 24 2 17 1 1 1 1 1 1 1 1 1 1 1 1 1 1 1 1 1 1 1 1 1 1 
Case #408: 14 2 2 2 2 2 2 2 5 7 11 1 1 1 1 
Case #409: 19 2 2 2 2 3 7 11 1 1 1 1 1 1 1 1 1 1 1 1 
Case #410: 20 2 2 2 2 2 2 2 3 3 3 3 3 3 3 1 1 1 1 1 1 
Case #411: 10 2 2 2 3 5 5 7 13 1 1 
Case #412: 21 2 2 2 2 2 2 3 5 5 5 1 1 1 1 1 1 1 1 1 1 1 
Case #413: 17 2 2 2 2 2 2 3 3 3 3 5 7 1 1 1 1 1 
Case #414: -1
Case #415: 22 2 2 2 2 2 2 2 2 2 2 2 2 2 2 2 2 2 2 2 1 1 1 
Case #416: 17 2 2 2 2 2 2 3 3 3 3 3 5 5 1 1 1 1 
Case #417: 14 2 3 3 5 5 5 11 1 1 1 1 1 1 1 
Case #418: 9 2 2 31 1 1 1 1 1 1 
Case #419: -1
Case #420: 7 17 19 1 1 1 1 1 
Case #421: 34 2 7 1 1 1 1 1 1 1 1 1 1 1 1 1 1 1 1 1 1 1 1 1 1 1 1 1 1 1 1 1 1 1 1 
Case #422: 14 2 2 2 2 2 2 2 5 5 13 1 1 1 1 
Case #423: 26 2 2 2 2 2 2 2 3 3 5 1 1 1 1 1 1 1 1 1 1 1 1 1 1 1 1 
Case #424: 37 5 1 1 1 1 1 1 1 1 1 1 1 1 1 1 1 1 1 1 1 1 1 1 1 1 1 1 1 1 1 1 1 1 1 1 1 1 
Case #425: 18 2 2 2 2 2 2 2 3 3 7 7 1 1 1 1 1 1 1 
Case #426: 21 2 2 2 2 2 2 2 2 2 2 3 3 3 3 3 1 1 1 1 1 1 
Case #427: 19 2 2 2 2 2 2 2 2 3 3 3 3 7 1 1 1 1 1 1 
Case #428: -1
Case #429: 13 2 2 2 2 2 2 2 2 3 7 13 1 1 
Case #430: -1
Case #431: 21 2 2 2 2 2 2 2 2 5 5 5 1 1 1 1 1 1 1 1 1 1 
Case #432: 23 2 2 2 2 2 2 3 5 7 1 1 1 1 1 1 1 1 1 1 1 1 1 1 
Case #433: 33 3 3 3 3 1 1 1 1 1 1 1 1 1 1 1 1 1 1 1 1 1 1 1 1 1 1 1 1 1 1 1 1 1 
Case #434: 31 11 1 1 1 1 1 1 1 1 1 1 1 1 1 1 1 1 1 1 1 1 1 1 1 1 1 1 1 1 1 1 
Case #435: 33 5 5 1 1 1 1 1 1 1 1 1 1 1 1 1 1 1 1 1 1 1 1 1 1 1 1 1 1 1 1 1 1 1 
Case #436: 11 2 2 2 2 3 5 5 5 13 1 1 
Case #437: 17 2 2 2 2 3 3 3 3 3 3 5 5 1 1 1 1 1 
Case #438: 16 2 2 2 2 2 2 2 5 5 5 7 1 1 1 1 1 
Case #439: 18 2 3 3 5 5 5 7 1 1 1 1 1 1 1 1 1 1 1 
Case #440: 12 2 2 2 2 2 2 2 3 11 11 1 1 
Case #441: 28 2 2 2 11 1 1 1 1 1 1 1 1 1 1 1 1 1 1 1 1 1 1 1 1 1 1 1 1 
Case #442: 28 2 2 2 2 2 3 3 5 1 1 1 1 1 1 1 1 1 1 1 1 1 1 1 1 1 1 1 1 
Case #443: -1
Case #444: 19 2 2 2 2 3 3 3 3 11 1 1 1 1 1 1 1 1 1 1 
Case #445: 23 2 2 2 2 2 2 3 3 3 3 5 1 1 1 1 1 1 1 1 1 1 1 1 
Case #446: 32 2 2 2 3 5 1 1 1 1 1 1 1 1 1 1 1 1 1 1 1 1 1 1 1 1 1 1 1 1 1 1 1 
Case #447: 24 2 2 2 2 2 2 2 2 2 2 2 2 2 2 2 3 1 1 1 1 1 1 1 1 
Case #448: -1
Case #449: 28 2 2 2 2 2 2 2 3 5 1 1 1 1 1 1 1 1 1 1 1 1 1 1 1 1 1 1 1 
Case #450: 19 2 2 2 2 3 5 13 1 1 1 1 1 1 1 1 1 1 1 1 
Case #451: 16 2 2 2 2 2 2 2 2 2 3 5 5 7 1 1 1 
Case #452: 34 2 3 3 3 1 1 1 1 1 1 1 1 1 1 1 1 1 1 1 1 1 1 1 1 1 1 1 1 1 1 1 1 1 1 
Case #453: -1
Case #454: 7 5 7 7 19 1 1 1 
Case #455: 29 2 2 3 5 5 1 1 1 1 1 1 1 1 1 1 1 1 1 1 1 1 1 1 1 1 1 1 1 1 
Case #456: 17 2 2 2 2 3 3 3 3 3 3 3 3 5 1 1 1 1 
Case #457: 16 2 2 2 7 7 11 1 1 1 1 1 1 1 1 1 1 
Case #458: -1
Case #459: -1
Case #460: -1
Case #461: 14 2 2 2 2 2 2 2 3 7 13 1 1 1 1 
Case #462: 13 2 2 2 2 2 2 5 7 13 1 1 1 1 
Case #463: 16 2 3 3 3 3 3 3 5 5 5 1 1 1 1 1 1 
Case #464: 18 2 2 2 2 2 3 3 3 3 3 3 7 1 1 1 1 1 1 
Case #465: -1
Case #466: 21 2 2 3 3 3 3 3 3 3 5 1 1 1 1 1 1 1 1 1 1 1 
Case #467: 22 2 2 2 3 3 3 11 1 1 1 1 1 1 1 1 1 1 1 1 1 1 1 
Case #468: 17 2 2 3 3 3 3 3 3 5 7 1 1 1 1 1 1 1 
Case #469: 12 2 3 3 3 5 5 5 5 7 1 1 1 
Case #470: 22 2 2 2 2 2 3 7 7 1 1 1 1 1 1 1 1 1 1 1 1 1 1 
Case #471: 19 5 19 1 1 1 1 1 1 1 1 1 1 1 1 1 1 1 1 1 
Case #472: 3 17 23 1 
Case #473: 20 2 2 2 2 2 3 3 7 7 1 1 1 1 1 1 1 1 1 1 1 
Case #474: 10 2 2 2 3 5 7 7 11 1 1 
Case #475: 24 2 3 3 3 3 5 5 1 1 1 1 1 1 1 1 1 1 1 1 1 1 1 1 1 
Case #476: 31 2 2 2 2 2 2 5 1 1 1 1 1 1 1 1 1 1 1 1 1 1 1 1 1 1 1 1 1 1 1 1 
Case #477: 32 2 2 2 2 2 3 3 1 1 1 1 1 1 1 1 1 1 1 1 1 1 1 1 1 1 1 1 1 1 1 1 1 
Case #478: 21 2 2 2 2 2 2 2 2 3 3 3 7 1 1 1 1 1 1 1 1 1 
Case #479: 21 2 2 2 2 2 2 2 2 2 2 2 2 3 7 1 1 1 1 1 1 1 
Case #480: 21 2 2 2 2 2 2 2 2 2 2 2 2 3 3 3 3 1 1 1 1 1 
Case #481: 30 2 2 2 2 2 2 2 5 1 1 1 1 1 1 1 1 1 1 1 1 1 1 1 1 1 1 1 1 1 1 
Case #482: 22 2 2 2 2 2 3 3 3 3 3 3 3 1 1 1 1 1 1 1 1 1 1 
Case #483: -1
Case #484: 22 2 2 2 3 3 3 3 5 5 1 1 1 1 1 1 1 1 1 1 1 1 1 
Case #485: 19 2 2 2 2 2 2 2 2 3 3 3 3 3 5 1 1 1 1 1 
Case #486: 16 2 3 3 3 3 5 5 5 5 1 1 1 1 1 1 1 
Case #487: 21 2 2 2 2 2 2 2 2 2 2 2 2 3 3 5 1 1 1 1 1 1 
Case #488: 24 2 2 2 2 2 5 5 5 1 1 1 1 1 1 1 1 1 1 1 1 1 1 1 1 
Case #489: 30 2 2 2 2 2 7 1 1 1 1 1 1 1 1 1 1 1 1 1 1 1 1 1 1 1 1 1 1 1 1 
Case #490: 14 2 2 2 3 3 3 3 3 5 5 7 1 1 1 
Case #491: 21 3 3 5 5 5 5 1 1 1 1 1 1 1 1 1 1 1 1 1 1 1 
Case #492: 19 3 3 3 3 3 3 3 3 3 5 1 1 1 1 1 1 1 1 1 
Case #493: 24 2 2 2 3 3 5 7 1 1 1 1 1 1 1 1 1 1 1 1 1 1 1 1 1 
Case #494: 27 2 2 2 2 3 3 7 1 1 1 1 1 1 1 1 1 1 1 1 1 1 1 1 1 1 1 1 
Case #495: 25 2 2 2 2 3 3 3 7 1 1 1 1 1 1 1 1 1 1 1 1 1 1 1 1 1 
Case #496: -1
Case #497: 29 7 7 1 1 1 1 1 1 1 1 1 1 1 1 1 1 1 1 1 1 1 1 1 1 1 1 1 1 1 
Case #498: 14 2 3 3 3 3 3 5 13 1 1 1 1 1 1 
Case #499: 20 2 3 7 13 1 1 1 1 1 1 1 1 1 1 1 1 1 1 1 1 
Case #500: 30 2 5 7 1 1 1 1 1 1 1 1 1 1 1 1 1 1 1 1 1 1 1 1 1 1 1 1 1 1 1 
Case #501: 24 2 2 2 2 2 2 2 2 2 3 3 3 3 1 1 1 1 1 1 1 1 1 1 1 
Case #502: 13 2 2 2 2 3 3 3 5 5 11 1 1 1 
Case #503: -1
Case #504: 36 2 3 3 1 1 1 1 1 1 1 1 1 1 1 1 1 1 1 1 1 1 1 1 1 1 1 1 1 1 1 1 1 1 1 1 1 
Case #505: 12 2 2 2 2 2 3 5 7 13 1 1 1 
Case #506: 17 2 2 3 3 3 5 5 5 5 1 1 1 1 1 1 1 1 
Case #507: 19 2 2 2 2 3 3 3 3 3 3 7 1 1 1 1 1 1 1 1 
Case #508: 27 2 2 2 2 2 2 3 3 3 3 1 1 1 1 1 1 1 1 1 1 1 1 1 1 1 1 1 
Case #509: 22 2 19 1 1 1 1 1 1 1 1 1 1 1 1 1 1 1 1 1 1 1 1 
Case #510: 29 3 3 3 7 1 1 1 1 1 1 1 1 1 1 1 1 1 1 1 1 1 1 1 1 1 1 1 1 1 
Case #511: -1
Case #512: 17 2 2 2 2 2 2 7 7 7 1 1 1 1 1 1 1 1 
Case #513: 20 2 2 2 2 2 3 3 3 5 7 1 1 1 1 1 1 1 1 1 1 
Case #514: 18 2 2 2 2 2 5 5 5 7 1 1 1 1 1 1 1 1 1 
Case #515: 18 2 3 3 3 3 3 3 5 7 1 1 1 1 1 1 1 1 1 
Case #516: -1
Case #517: -1
Case #518: -1
Case #519: -1
Case #520: 15 2 2 2 2 3 3 3 5 7 7 1 1 1 1 1 
Case #521: 34 2 2 2 3 3 1 1 1 1 1 1 1 1 1 1 1 1 1 1 1 1 1 1 1 1 1 1 1 1 1 1 1 1 1 
Case #522: 18 2 2 2 2 2 2 2 2 2 2 2 3 3 5 5 1 1 1 
Case #523: 25 2 2 2 2 2 2 2 2 2 2 2 2 5 1 1 1 1 1 1 1 1 1 1 1 1 
Case #524: 19 2 2 2 2 2 2 3 3 3 3 3 3 5 1 1 1 1 1 1 
Case #525: 23 3 3 3 7 7 1 1 1 1 1 1 1 1 1 1 1 1 1 1 1 1 1 1 
Case #526: 15 2 2 2 2 3 5 5 5 5 5 1 1 1 1 1 
Case #527: -1
Case #528: 15 2 2 3 3 3 5 5 11 1 1 1 1 1 1 1 
Case #529: 21 2 2 2 2 3 3 3 3 5 5 1 1 1 1 1 1 1 1 1 1 1 
Case #530: 24 2 2 2 2 2 2 2 2 2 5 5 1 1 1 1 1 1 1 1 1 1 1 1 1 
Case #531: -1
Case #532: 23 2 2 2 2 2 2 2 2 3 3 7 1 1 1 1 1 1 1 1 1 1 1 1 
Case #533: 16 2 2 2 3 3 5 5 11 1 1 1 1 1 1 1 1 
Case #534: 26 2 3 3 5 7 1 1 1 1 1 1 1 1 1 1 1 1 1 1 1 1 1 1 1 1 1 
Case #535: 19 2 2 2 2 2 2 3 5 5 7 1 1 1 1 1 1 1 1 1 
Case #536: 24 2 2 2 2 2 2 2 2 2 2 2 7 1 1 1 1 1 1 1 1 1 1 1 1 
Case #537: 20 2 2 2 2 2 3 3 3 3 3 3 3 3 1 1 1 1 1 1 1 
Case #538: 25 3 3 3 3 3 3 5 1 1 1 1 1 1 1 1 1 1 1 1 1 1 1 1 1 1 
Case #539: -1
Case #540: 12 2 2 2 3 3 3 5 7 11 1 1 1 
Case #541: 25 2 2 2 2 2 2 2 2 2 2 2 2 2 2 3 1 1 1 1 1 1 1 1 1 1 
Case #542: 17 2 2 2 2 2 2 2 2 2 2 3 13 1 1 1 1 1 
Case #543: 15 2 2 2 2 2 2 2 2 3 17 1 1 1 1 1 
Case #544: 32 2 2 2 2 2 5 1 1 1 1 1 1 1 1 1 1 1 1 1 1 1 1 1 1 1 1 1 1 1 1 1 1 
Case #545: 14 2 2 2 2 2 2 2 2 2 3 7 11 1 1 
Case #546: 26 2 3 3 3 3 3 3 3 1 1 1 1 1 1 1 1 1 1 1 1 1 1 1 1 1 1 
Case #547: 27 2 2 2 2 2 2 2 2 2 2 2 2 3 1 1 1 1 1 1 1 1 1 1 1 1 1 1 
Case #548: 12 2 2 2 3 7 7 7 7 1 1 1 1 
Case #549: 21 2 2 2 2 2 2 2 2 2 2 2 2 2 2 2 2 2 2 3 1 1 
Case #550: 10 2 3 3 5 5 19 1 1 1 1 
Case #551: 26 2 2 2 2 2 2 2 2 2 3 3 3 1 1 1 1 1 1 1 1 1 1 1 1 1 1 
Case #552: 29 2 2 11 1 1 1 1 1 1 1 1 1 1 1 1 1 1 1 1 1 1 1 1 1 1 1 1 1 1 
Case #553: 21 2 2 2 2 2 2 2 2 7 7 1 1 1 1 1 1 1 1 1 1 1 
Case #554: 12 2 2 2 2 2 3 3 5 17 1 1 1 
Case #555: -1
Case #556: 16 2 2 2 3 3 7 13 1 1 1 1 1 1 1 1 1 
Case #557: -1
Case #558: 25 2 2 2 2 5 5 5 1 1 1 1 1 1 1 1 1 1 1 1 1 1 1 1 1 1 
Case #559: 26 2 3 13 1 1 1 1 1 1 1 1 1 1 1 1 1 1 1 1 1 1 1 1 1 1 1 
Case #560: 22 2 2 2 2 2 2 2 3 3 3 3 5 1 1 1 1 1 1 1 1 1 1 
Case #561: 18 2 3 3 3 5 7 7 1 1 1 1 1 1 1 1 1 1 1 
Case #562: 12 2 2 2 3 3 5 7 7 7 1 1 1 
Case #563: 15 2 2 2 2 2 2 3 3 3 5 11 1 1 1 1 
Case #564: -1
Case #565: 27 3 3 11 1 1 1 1 1 1 1 1 1 1 1 1 1 1 1 1 1 1 1 1 1 1 1 1 
Case #566: 20 2 2 2 3 3 3 3 3 3 7 1 1 1 1 1 1 1 1 1 1 
Case #567: 22 2 2 2 2 2 3 3 5 7 1 1 1 1 1 1 1 1 1 1 1 1 1 
Case #568: -1
Case #569: 11 2 2 2 2 3 7 7 7 7 1 1 
Case #570: 17 2 2 2 2 2 2 3 3 3 3 11 1 1 1 1 1 1 
Case #571: 24 2 2 2 3 3 3 5 5 1 1 1 1 1 1 1 1 1 1 1 1 1 1 1 1 
Case #572: -1
Case #573: 21 3 3 3 5 5 7 1 1 1 1 1 1 1 1 1 1 1 1 1 1 1 
Case #574: 19 2 2 2 2 2 2 2 2 2 2 5 5 5 1 1 1 1 1 1 
Case #575: 15 2 2 3 3 3 3 3 3 3 5 7 1 1 1 1 
Case #576: 23 2 2 2 2 3 3 5 7 1 1 1 1 1 1 1 1 1 1 1 1 1 1 1 
Case #577: 17 2 2 2 2 2 2 2 2 2 2 5 5 7 1 1 1 1 
Case #578: 11 2 2 2 2 2 2 3 11 13 1 1 
Case #579: -1
Case #580: 15 2 2 2 2 2 2 2 2 5 5 11 1 1 1 1 
Case #581: 18 2 2 2 3 3 5 5 5 5 1 1 1 1 1 1 1 1 1 
Case #582: 31 2 2 2 2 2 2 3 3 1 1 1 1 1 1 1 1 1 1 1 1 1 1 1 1 1 1 1 1 1 1 1 
Case #583: 15 2 2 2 2 2 2 2 2 3 7 11 1 1 1 1 
Case #584: -1
Case #585: 23 2 2 2 2 3 5 5 5 1 1 1 1 1 1 1 1 1 1 1 1 1 1 1 
Case #586: 19 2 2 2 2 3 17 1 1 1 1 1 1 1 1 1 1 1 1 1 
Case #587: 18 2 2 2 3 5 5 5 7 1 1 1 1 1 1 1 1 1 1 
Case #588: 28 2 2 2 2 2 2 2 2 2 3 3 1 1 1 1 1 1 1 1 1 1 1 1 1 1 1 1 1 
Case #589: -1
Case #590: 21 2 2 3 3 3 5 5 5 1 1 1 1 1 1 1 1 1 1 1 1 1 
Case #591: 20 2 2 2 3 3 3 3 11 1 1 1 1 1 1 1 1 1 1 1 1 
Case #592: 18 2 2 2 3 3 3 3 3 3 5 5 1 1 1 1 1 1 1 
Case #593: 17 2 2 2 2 2 2 3 5 5 5 5 1 1 1 1 1 1 
Case #594: 16 2 3 3 5 7 11 1 1 1 1 1 1 1 1 1 1 
Case #595: 38 2 2 2 1 1 1 1 1 1 1 1 1 1 1 1 1 1 1 1 1 1 1 1 1 1 1 1 1 1 1 1 1 1 1 1 1 1 1 
Case #596: 21 2 2 2 2 2 2 2 2 3 5 7 1 1 1 1 1 1 1 1 1 1 
Case #597: 6 2 3 5 7 11 13 
Case #598: 23 2 2 2 2 2 2 2 2 5 7 1 1 1 1 1 1 1 1 1 1 1 1 1 
Case #599: 16 2 2 2 2 2 3 3 7 11 1 1 1 1 1 1 1 
Case #600: 17 2 2 2 2 3 3 3 5 11 1 1 1 1 1 1 1 1 
Case #601: 21 2 2 2 2 2 2 2 2 2 2 3 3 3 5 1 1 1 1 1 1 1 
Case #602: 21 2 2 2 2 2 2 2 2 2 2 3 3 7 1 1 1 1 1 1 1 1 
Case #603: -1
Case #604: 18 2 2 2 2 2 2 2 3 5 5 7 1 1 1 1 1 1 1 
Case #605: 34 2 2 2 2 2 3 1 1 1 1 1 1 1 1 1 1 1 1 1 1 1 1 1 1 1 1 1 1 1 1 1 1 1 1 
Case #606: -1
Case #607: 16 2 2 2 2 2 3 3 3 3 5 5 5 1 1 1 1 
Case #608: 26 2 5 11 1 1 1 1 1 1 1 1 1 1 1 1 1 1 1 1 1 1 1 1 1 1 1 
Case #609: 16 2 2 2 3 3 3 3 3 3 5 7 1 1 1 1 1 
Case #610: -1
Case #611: 21 2 2 19 1 1 1 1 1 1 1 1 1 1 1 1 1 1 1 1 1 1 
Case #612: 18 2 2 2 3 3 3 3 3 3 3 3 5 1 1 1 1 1 1 
Case #613: 9 2 2 2 2 3 11 17 1 1 
Case #614: -1
Case #615: -1
Case #616: -1
Case #617: 20 2 2 2 2 2 3 5 5 7 1 1 1 1 1 1 1 1 1 1 1 
Case #618: 33 2 2 2 2 5 1 1 1 1 1 1 1 1 1 1 1 1 1 1 1 1 1 1 1 1 1 1 1 1 1 1 1 1 
Case #619: -1
Case #620: 19 2 2 2 2 2 2 2 2 5 5 7 1 1 1 1 1 1 1 1 
Case #621: 19 2 2 2 2 2 2 3 3 3 11 1 1 1 1 1 1 1 1 1 
Case #622: 32 2 2 2 3 3 3 1 1 1 1 1 1 1 1 1 1 1 1 1 1 1 1 1 1 1 1 1 1 1 1 1 1 
Case #623: 17 2 2 2 2 2 2 3 17 1 1 1 1 1 1 1 1 1 
Case #624: 22 2 2 2 3 3 3 3 3 3 5 1 1 1 1 1 1 1 1 1 1 1 1 
Case #625: 13 2 2 3 3 3 3 3 5 13 1 1 1 1 
Case #626: 18 2 2 2 2 2 3 3 3 5 5 5 1 1 1 1 1 1 1 
Case #627: 11 2 2 3 3 7 19 1 1 1 1 1 
Case #628: -1
Case #629: 19 2 2 2 2 2 2 2 2 2 2 2 2 3 5 5 1 1 1 1 
Case #630: 35 3 5 1 1 1 1 1 1 1 1 1 1 1 1 1 1 1 1 1 1 1 1 1 1 1 1 1 1 1 1 1 1 1 1 1 
Case #631: 23 2 2 3 3 3 3 3 7 1 1 1 1 1 1 1 1 1 1 1 1 1 1 1 
Case #632: 17 2 2 2 2 2 2 2 2 3 3 3 5 7 1 1 1 1 
Case #633: -1
Case #634: 20 2 2 2 3 7 11 1 1 1 1 1 1 1 1 1 1 1 1 1 1 
Case #635: -1
Case #636: 21 2 2 2 2 3 3 3 5 7 1 1 1 1 1 1 1 1 1 1 1 1 
Case #637: 29 2 2 2 2 2 2 2 2 3 3 1 1 1 1 1 1 1 1 1 1 1 1 1 1 1 1 1 1 1 
Case #638: 25 5 13 1 1 1 1 1 1 1 1 1 1 1 1 1 1 1 1 1 1 1 1 1 1 1 
Case #639: 10 2 3 3 5 11 13 1 1 1 1 
Case #640: 20 2 3 3 3 5 5 7 1 1 1 1 1 1 1 1 1 1 1 1 1 
Case #641: 17 2 2 2 2 3 3 3 3 3 5 7 1 1 1 1 1 1 
Case #642: 14 2 2 2 3 3 3 3 7 11 1 1 1 1 1 
Case #643: 17 2 2 2 2 5 5 13 1 1 1 1 1 1 1 1 1 1 
Case #644: 25 3 3 3 3 5 5 1 1 1 1 1 1 1 1 1 1 1 1 1 1 1 1 1 1 1 
Case #645: -1
Case #646: 27 2 2 13 1 1 1 1 1 1 1 1 1 1 1 1 1 1 1 1 1 1 1 1 1 1 1 1 
Case #647: 16 2 2 2 2 2 3 3 17 1 1 1 1 1 1 1 1 
Case #648: 20 2 5 17 1 1 1 1 1 1 1 1 1 1 1 1 1 1 1 1 1 
Case #649: 25 2 2 3 3 5 7 1 1 1 1 1 1 1 1 1 1 1 1 1 1 1 1 1 1 1 
Case #650: 37 2 2 2 2 1 1 1 1 1 1 1 1 1 1 1 1 1 1 1 1 1 1 1 1 1 1 1 1 1 1 1 1 1 1 1 1 1 
Case #651: 10 2 2 2 3 11 17 1 1 1 1 
Case #652: 19 2 2 2 2 2 2 2 2 2 2 3 11 1 1 1 1 1 1 1 
Case #653: 19 2 2 3 3 5 5 5 5 1 1 1 1 1 1 1 1 1 1 1 
Case #654: 12 2 3 3 5 5 5 5 5 5 1 1 1 
Case #655: 15 2 2 2 2 2 2 5 5 5 5 5 1 1 1 1 
Case #656: 21 2 2 2 2 2 2 2 2 3 3 5 5 1 1 1 1 1 1 1 1 1 
Case #657: 26 2 2 2 2 2 2 2 3 3 3 3 1 1 1 1 1 1 1 1 1 1 1 1 1 1 1 
Case #658: -1
Case #659: 22 2 2 2 2 2 5 5 7 1 1 1 1 1 1 1 1 1 1 1 1 1 1 
Case #660: 16 2 2 2 2 2 2 2 3 5 5 5 5 1 1 1 1 
Case #661: 10 2 3 3 5 23 1 1 1 1 1 
Case #662: 4 2 37 1 1 
Case #663: 21 2 2 2 2 3 5 11 1 1 1 1 1 1 1 1 1 1 1 1 1 1 
Case #664: 21 2 2 2 2 2 2 3 7 7 1 1 1 1 1 1 1 1 1 1 1 1 
Case #665: 15 2 2 3 3 3 3 3 3 7 7 1 1 1 1 1 
Case #666: 19 2 2 3 3 3 3 3 5 7 1 1 1 1 1 1 1 1 1 1 
Case #667: 23 2 2 3 5 5 7 1 1 1 1 1 1 1 1 1 1 1 1 1 1 1 1 1 
Case #668: 21 2 2 2 2 2 2 2 2 2 2 2 2 2 2 3 3 3 1 1 1 1 
Case #669: 14 2 2 2 3 3 5 7 11 1 1 1 1 1 1 
Case #670: 14 2 2 2 3 3 5 5 13 1 1 1 1 1 1 
Case #671: 15 2 2 2 2 3 3 3 5 13 1 1 1 1 1 1 
Case #672: 13 2 2 3 3 5 7 7 7 1 1 1 1 1 
Case #673: -1
Case #674: 24 2 2 2 2 2 3 11 1 1 1 1 1 1 1 1 1 1 1 1 1 1 1 1 1 
Case #675: 19 2 2 3 3 5 13 1 1 1 1 1 1 1 1 1 1 1 1 1 
Case #676: 21 2 2 2 2 2 2 2 2 2 2 2 2 2 2 2 2 2 2 2 2 1 
Case #677: 17 2 2 2 2 2 2 2 2 3 3 3 11 1 1 1 1 1 
Case #678: 31 3 3 3 5 1 1 1 1 1 1 1 1 1 1 1 1 1 1 1 1 1 1 1 1 1 1 1 1 1 1 1 
Case #679: 20 2 3 3 3 3 7 7 1 1 1 1 1 1 1 1 1 1 1 1 1 
Case #680: 13 2 2 3 3 3 5 7 11 1 1 1 1 1 
Case #681: -1
Case #682: 23 3 3 3 3 3 5 5 1 1 1 1 1 1 1 1 1 1 1 1 1 1 1 1 
Case #683: 25 2 2 3 3 11 1 1 1 1 1 1 1 1 1 1 1 1 1 1 1 1 1 1 1 1 
Case #684: 16 2 2 2 2 2 2 2 2 2 3 3 7 7 1 1 1 
Case #685: 13 2 2 2 2 2 2 3 5 17 1 1 1 1 
Case #686: 19 2 2 2 2 3 3 5 5 7 1 1 1 1 1 1 1 1 1 1 
Case #687: 17 2 2 7 7 11 1 1 1 1 1 1 1 1 1 1 1 1 
Case #688: 19 2 2 2 2 2 2 2 2 2 2 3 5 7 1 1 1 1 1 1 
Case #689: 16 2 2 2 2 2 3 5 5 5 7 1 1 1 1 1 1 
Case #690: 21 2 2 2 2 2 2 2 2 3 3 3 3 3 3 1 1 1 1 1 1 1 
Case #691: 15 2 2 2 2 3 3 3 5 5 5 5 1 1 1 1 
Case #692: -1
Case #693: 16 2 2 2 2 2 3 3 3 5 5 7 1 1 1 1 1 
Case #694: 16 2 2 2 3 3 3 3 3 7 7 1 1 1 1 1 1 
Case #695: 14 2 2 2 5 5 5 7 7 1 1 1 1 1 1 
Case #696: 13 2 2 3 3 3 3 5 5 11 1 1 1 1 
Case #697: 24 2 2 2 2 2 3 5 7 1 1 1 1 1 1 1 1 1 1 1 1 1 1 1 1 
Case #698: 18 2 2 2 2 2 2 2 3 3 3 3 3 3 5 1 1 1 1 
Case #699: 16 2 2 2 3 5 7 11 1 1 1 1 1 1 1 1 1 
Case #700: 10 2 3 3 5 7 17 1 1 1 1 
Case #701: 14 2 3 3 3 3 3 3 3 3 5 7 1 1 1 
Case #702: 11 2 2 29 1 1 1 1 1 1 1 1 
Case #703: 13 2 2 2 2 2 2 3 11 11 1 1 1 1 
Case #704: 17 2 2 23 1 1 1 1 1 1 1 1 1 1 1 1 1 1 
Case #705: 24 2 2 2 2 2 3 3 3 3 3 3 1 1 1 1 1 1 1 1 1 1 1 1 1 
Case #706: 16 2 2 2 3 3 3 3 5 11 1 1 1 1 1 1 1 
Case #707: 18 2 2 2 2 2 2 2 2 2 3 3 3 3 3 5 1 1 1 
Case #708: -1
Case #709: 17 2 2 3 3 3 3 3 3 3 3 3 5 1 1 1 1 1 
Case #710: 8 2 2 2 3 11 19 1 1 
Case #711: 21 2 2 2 2 2 2 3 3 3 3 3 3 3 1 1 1 1 1 1 1 1 
Case #712: 20 2 2 2 2 2 3 3 3 3 3 7 1 1 1 1 1 1 1 1 1 
Case #713: 27 2 2 2 2 3 3 3 5 1 1 1 1 1 1 1 1 1 1 1 1 1 1 1 1 1 1 1 
Case #714: -1
Case #715: 12 2 3 3 3 3 3 3 5 13 1 1 1 
Case #716: 19 23 1 1 1 1 1 1 1 1 1 1 1 1 1 1 1 1 1 1 
Case #717: -1
Case #718: 36 2 2 2 3 1 1 1 1 1 1 1 1 1 1 1 1 1 1 1 1 1 1 1 1 1 1 1 1 1 1 1 1 1 1 1 1 
Case #719: 27 5 11 1 1 1 1 1 1 1 1 1 1 1 1 1 1 1 1 1 1 1 1 1 1 1 1 1 
Case #720: 12 2 3 3 3 3 3 5 5 11 1 1 1 
Case #721: -1
Case #722: 17 2 2 2 2 3 3 3 3 5 5 5 1 1 1 1 1 1 
Case #723: 15 2 2 2 2 3 3 3 3 3 5 5 5 1 1 1 
Case #724: 29 5 5 5 1 1 1 1 1 1 1 1 1 1 1 1 1 1 1 1 1 1 1 1 1 1 1 1 1 1 
Case #725: -1
Case #726: 26 2 2 2 2 2 2 2 2 2 2 2 2 2 3 1 1 1 1 1 1 1 1 1 1 1 1 
Case #727: -1
Case #728: 20 2 2 2 2 2 2 2 3 5 5 5 1 1 1 1 1 1 1 1 1 
Case #729: 12 2 3 3 5 5 5 13 1 1 1 1 1 
Case #730: 13 2 2 2 2 3 3 11 11 1 1 1 1 1 
Case #731: -1
Case #732: 14 2 3 3 3 5 5 13 1 1 1 1 1 1 1 
Case #733: -1
Case #734: 21 2 2 2 2 5 5 5 5 1 1 1 1 1 1 1 1 1 1 1 1 1 
Case #735: 21 2 2 3 5 7 7 1 1 1 1 1 1 1 1 1 1 1 1 1 1 1 
Case #736: -1
Case #737: 24 2 2 2 2 2 3 3 3 3 5 1 1 1 1 1 1 1 1 1 1 1 1 1 1 
Case #738: 24 2 2 2 3 5 5 5 1 1 1 1 1 1 1 1 1 1 1 1 1 1 1 1 1 
Case #739: 27 2 2 2 2 2 2 3 3 5 1 1 1 1 1 1 1 1 1 1 1 1 1 1 1 1 1 1 
Case #740: 23 2 2 2 2 2 2 5 5 5 1 1 1 1 1 1 1 1 1 1 1 1 1 1 
Case #741: 16 2 2 2 2 2 3 3 3 3 3 5 7 1 1 1 1 
Case #742: 16 2 2 2 2 2 3 3 5 13 1 1 1 1 1 1 1 
Case #743: -1
Case #744: 22 2 2 2 2 2 2 2 3 5 7 1 1 1 1 1 1 1 1 1 1 1 1 
Case #745: 21 2 2 3 5 5 5 5 1 1 1 1 1 1 1 1 1 1 1 1 1 1 
Case #746: 26 2 3 3 3 3 3 5 1 1 1 1 1 1 1 1 1 1 1 1 1 1 1 1 1 1 1 
Case #747: 15 2 2 2 2 2 2 3 3 5 5 5 5 1 1 1 
Case #748: 16 2 2 2 2 2 2 2 2 2 3 5 11 1 1 1 1 
Case #749: -1
Case #750: 12 2 2 2 3 3 5 5 5 11 1 1 1 
Case #751: 10 2 3 3 5 7 7 11 1 1 1 
Case #752: 18 2 23 1 1 1 1 1 1 1 1 1 1 1 1 1 1 1 1 
Case #753: 40 2 1 1 1 1 1 1 1 1 1 1 1 1 1 1 1 1 1 1 1 1 1 1 1 1 1 1 1 1 1 1 1 1 1 1 1 1 1 1 1 
Case #754: 36 2 5 1 1 1 1 1 1 1 1 1 1 1 1 1 1 1 1 1 1 1 1 1 1 1 1 1 1 1 1 1 1 1 1 1 1 
Case #755: 18 2 2 2 3 3 3 3 3 5 7 1 1 1 1 1 1 1 1 
Case #756: 16 2 2 2 2 2 3 3 5 5 5 5 1 1 1 1 1 
Case #757: 16 2 2 2 3 5 5 7 7 1 1 1 1 1 1 1 1 
Case #758: 9 3 31 1 1 1 1 1 1 1 
Case #759: 39 2 2 1 1 1 1 1 1 1 1 1 1 1 1 1 1 1 1 1 1 1 1 1 1 1 1 1 1 1 1 1 1 1 1 1 1 1 1 1 
Case #760: 17 2 2 2 2 2 2 2 2 3 3 7 7 1 1 1 1 1 
Case #761: 26 2 2 2 2 2 2 2 2 2 2 2 3 3 1 1 1 1 1 1 1 1 1 1 1 1 1 
Case #762: 23 2 2 2 2 3 3 3 3 3 5 1 1 1 1 1 1 1 1 1 1 1 1 1 
Case #763: 19 2 2 2 2 3 3 3 3 3 3 3 3 3 1 1 1 1 1 1 
Case #764: 27 3 3 3 3 3 5 1 1 1 1 1 1 1 1 1 1 1 1 1 1 1 1 1 1 1 1 1 
Case #765: 18 2 2 2 2 2 2 2 2 2 3 3 5 7 1 1 1 1 1 
Case #766: 19 2 2 2 2 3 3 5 11 1 1 1 1 1 1 1 1 1 1 1 
Case #767: 35 2 2 2 2 2 2 1 1 1 1 1 1 1 1 1 1 1 1 1 1 1 1 1 1 1 1 1 1 1 1 1 1 1 1 1 
Case #768: 26 2 2 2 2 2 2 2 2 2 2 2 5 1 1 1 1 1 1 1 1 1 1 1 1 1 1 
Case #769: 18 2 2 2 3 3 5 13 1 1 1 1 1 1 1 1 1 1 1 
Case #770: 11 3 29 1 1 1 1 1 1 1 1 1 
Case #771: 19 2 2 2 2 3 3 3 7 7 1 1 1 1 1 1 1 1 1 1 
Case #772: 11 2 2 3 3 3 5 19 1 1 1 1 
Case #773: 26 2 2 2 2 2 2 2 3 7 1 1 1 1 1 1 1 1 1 1 1 1 1 1 1 1 1 
Case #774: 14 2 2 2 2 2 3 5 5 13 1 1 1 1 1 
Case #775: 21 2 2 2 2 3 3 5 5 5 1 1 1 1 1 1 1 1 1 1 1 1 
Case #776: -1
Case #777: 28 2 3 11 1 1 1 1 1 1 1 1 1 1 1 1 1 1 1 1 1 1 1 1 1 1 1 1 1 
Case #778: 15 2 2 2 2 3 3 3 3 5 11 1 1 1 1 1 
Case #779: 24 2 2 2 2 2 2 2 5 7 1 1 1 1 1 1 1 1 1 1 1 1 1 1 1 
Case #780: 16 2 2 2 2 2 2 2 3 3 3 5 5 5 1 1 1 
Case #781: 18 2 2 2 5 5 7 7 1 1 1 1 1 1 1 1 1 1 1 
Case #782: 17 2 2 2 2 2 2 2 2 3 3 3 3 5 5 1 1 1 
Case #783: 24 2 3 3 3 5 7 1 1 1 1 1 1 1 1 1 1 1 1 1 1 1 1 1 1 
Case #784: 24 2 2 2 3 3 3 3 7 1 1 1 1 1 1 1 1 1 1 1 1 1 1 1 1 
Case #785: 17 2 2 2 2 2 2 2 2 3 3 5 5 5 1 1 1 1 
Case #786: 14 2 3 3 3 3 5 5 11 1 1 1 1 1 1 
Case #787: 26 2 2 2 2 2 3 3 3 5 1 1 1 1 1 1 1 1 1 1 1 1 1 1 1 1 1 
Case #788: -1
Case #789: 29 3 3 3 3 5 1 1 1 1 1 1 1 1 1 1 1 1 1 1 1 1 1 1 1 1 1 1 1 1 
Case #790: 14 2 2 2 2 2 2 2 3 19 1 1 1 1 1 
Case #791: 27 2 2 2 2 2 2 5 5 1 1 1 1 1 1 1 1 1 1 1 1 1 1 1 1 1 1 1 
Case #792: -1
Case #793: 17 3 23 1 1 1 1 1 1 1 1 1 1 1 1 1 1 1 
Case #794: 16 2 2 2 2 2 2 2 3 5 7 7 1 1 1 1 1 
Case #795: 25 2 2 2 2 2 2 2 2 3 7 1 1 1 1 1 1 1 1 1 1 1 1 1 1 1 
Case #796: 15 2 2 2 2 3 3 3 3 5 5 7 1 1 1 1 
Case #797: 16 2 2 2 5 5 5 11 1 1 1 1 1 1 1 1 1 
Case #798: 19 7 17 1 1 1 1 1 1 1 1 1 1 1 1 1 1 1 1 1 
Case #799: 24 2 2 2 2 2 2 2 3 5 5 1 1 1 1 1 1 1 1 1 1 1 1 1 1 
Case #800: 22 2 3 3 3 3 3 3 3 5 1 1 1 1 1 1 1 1 1 1 1 1 1 
Case #801: -1
Case #802: 5 19 19 1 1 1 
Case #803: -1
Case #804: 12 2 29 1 1 1 1 1 1 1 1 1 1 
Case #805: 20 2 2 2 2 2 2 2 2 2 2 2 2 2 2 2 2 2 5 1 1 
Case #806: 15 2 2 3 3 5 7 11 1 1 1 1 1 1 1 1 
Case #807: 15 2 2 3 3 3 3 5 5 5 5 1 1 1 1 1 
Case #808: 27 2 2 3 3 3 3 5 1 1 1 1 1 1 1 1 1 1 1 1 1 1 1 1 1 1 1 1 
Case #809: -1
Case #810: 22 2 2 2 2 2 2 2 3 3 5 5 1 1 1 1 1 1 1 1 1 1 1 
Case #811: 21 2 2 2 2 3 3 3 11 1 1 1 1 1 1 1 1 1 1 1 1 1 
Case #812: 26 2 2 2 2 2 3 5 5 1 1 1 1 1 1 1 1 1 1 1 1 1 1 1 1 1 1 
Case #813: 20 2 2 2 2 2 2 2 3 3 3 3 3 5 1 1 1 1 1 1 1 
Case #814: 22 2 2 2 2 2 2 2 2 2 2 2 3 3 5 1 1 1 1 1 1 1 1 
Case #815: -1
Case #816: -1
Case #817: 19 2 2 2 2 2 2 3 3 3 5 7 1 1 1 1 1 1 1 1 
Case #818: -1
Case #819: 14 2 2 2 2 2 3 3 3 17 1 1 1 1 1 
Case #820: 19 2 2 2 2 2 2 2 2 3 5 5 5 1 1 1 1 1 1 1 
Case #821: 20 2 2 2 3 3 3 5 5 5 1 1 1 1 1 1 1 1 1 1 1 
Case #822: 14 2 2 2 2 2 2 2 2 2 3 5 13 1 1 
Case #823: -1
Case #824: -1
Case #825: 26 2 2 2 2 2 2 2 2 2 2 2 2 2 2 2 1 1 1 1 1 1 1 1 1 1 1 
Case #826: 16 2 2 2 2 2 3 3 3 3 3 3 5 5 1 1 1 
Case #827: 30 2 3 3 7 1 1 1 1 1 1 1 1 1 1 1 1 1 1 1 1 1 1 1 1 1 1 1 1 1 1 
Case #828: 19 2 2 2 2 2 2 2 2 3 3 5 7 1 1 1 1 1 1 1 
Case #829: 23 2 2 2 2 2 2 2 2 2 2 3 7 1 1 1 1 1 1 1 1 1 1 1 
Case #830: 23 2 2 2 2 2 2 2 2 3 5 5 1 1 1 1 1 1 1 1 1 1 1 1 
Case #831: 16 2 3 3 5 17 1 1 1 1 1 1 1 1 1 1 1 
Case #832: 23 2 2 2 2 2 2 2 2 2 2 2 2 2 2 2 2 3 1 1 1 1 1 1 
Case #833: 18 2 2 2 2 2 2 2 2 2 3 3 11 1 1 1 1 1 1 
Case #834: 18 2 2 2 3 3 5 7 7 1 1 1 1 1 1 1 1 1 1 
Case #835: 24 2 2 2 2 2 2 2 2 2 2 2 3 5 1 1 1 1 1 1 1 1 1 1 1 
Case #836: 18 2 2 2 3 3 3 3 13 1 1 1 1 1 1 1 1 1 1 
Case #837: 31 2 2 3 3 5 1 1 1 1 1 1 1 1 1 1 1 1 1 1 1 1 1 1 1 1 1 1 1 1 1 1 
Case #838: 24 2 2 2 2 2 2 2 2 2 2 2 3 3 3 1 1 1 1 1 1 1 1 1 1 
Case #839: 22 2 2 2 2 2 2 2 2 2 3 5 5 1 1 1 1 1 1 1 1 1 1 
Case #840: 15 2 2 2 2 3 5 7 11 1 1 1 1 1 1 1 
Case #841: 22 2 2 2 3 3 7 7 1 1 1 1 1 1 1 1 1 1 1 1 1 1 1 
Case #842: 29 2 2 3 3 3 5 1 1 1 1 1 1 1 1 1 1 1 1 1 1 1 1 1 1 1 1 1 1 1 
Case #843: 20 2 2 2 3 3 3 3 3 5 5 1 1 1 1 1 1 1 1 1 1 
Case #844: 18 2 3 3 3 7 11 1 1 1 1 1 1 1 1 1 1 1 1 
Case #845: 16 2 2 2 3 3 3 5 5 5 5 1 1 1 1 1 1 
Case #846: 22 2 2 2 2 2 2 2 2 2 2 2 2 2 2 2 5 1 1 1 1 1 1 
Case #847: 18 2 2 2 2 2 3 17 1 1 1 1 1 1 1 1 1 1 1 
Case #848: 19 2 2 2 2 3 3 3 5 5 5 1 1 1 1 1 1 1 1 1 
Case #849: -1
Case #850: 24 2 2 2 3 3 11 1 1 1 1 1 1 1 1 1 1 1 1 1 1 1 1 1 1 
Case #851: 16 2 3 3 3 3 3 5 5 7 1 1 1 1 1 1 1 
Case #852: -1
Case #853: 24 2 2 2 2 2 2 2 2 2 3 7 1 1 1 1 1 1 1 1 1 1 1 1 1 
Case #854: 22 2 2 2 3 3 5 5 5 1 1 1 1 1 1 1 1 1 1 1 1 1 1 
Case #855: 13 2 2 3 5 5 7 11 1 1 1 1 1 1 
Case #856: 24 2 2 2 2 2 2 2 3 3 3 5 1 1 1 1 1 1 1 1 1 1 1 1 1 
Case #857: 20 2 2 2 2 2 3 3 3 3 3 3 5 1 1 1 1 1 1 1 1 
Case #858: 17 2 2 2 2 3 3 3 3 3 11 1 1 1 1 1 1 1 
Case #859: 14 2 2 2 2 2 2 2 3 3 5 13 1 1 1 
Case #860: 17 2 2 2 2 2 2 3 3 3 3 3 3 3 5 1 1 1 
Case #861: -1
Case #862: -1
Case #863: 20 2 2 2 2 2 2 2 2 2 3 5 7 1 1 1 1 1 1 1 1 
Case #864: 16 2 2 2 3 3 5 5 5 7 1 1 1 1 1 1 1 
Case #865: -1
Case #866: 14 2 2 2 2 2 5 7 7 7 1 1 1 1 1 
Case #867: -1
Case #868: 29 2 2 2 2 2 2 3 3 3 1 1 1 1 1 1 1 1 1 1 1 1 1 1 1 1 1 1 1 1 
Case #869: -1
Case #870: 21 2 2 2 2 2 2 2 2 2 2 3 5 5 1 1 1 1 1 1 1 1 
Case #871: 12 2 2 2 3 5 5 5 5 5 5 1 1 
Case #872: 14 2 2 2 2 2 5 7 13 1 1 1 1 1 1 
Case #873: 18 2 2 2 3 3 3 5 5 7 1 1 1 1 1 1 1 1 1 
Case #874: 35 7 1 1 1 1 1 1 1 1 1 1 1 1 1 1 1 1 1 1 1 1 1 1 1 1 1 1 1 1 1 1 1 1 1 1 
Case #875: -1
Case #876: 3 11 13 17 
Case #877: -1
Case #878: 20 2 2 2 3 3 3 3 3 3 3 5 1 1 1 1 1 1 1 1 1 
Case #879: -1
Case #880: 17 2 2 2 2 3 19 1 1 1 1 1 1 1 1 1 1 1 
Case #881: 18 2 2 2 2 2 2 2 5 13 1 1 1 1 1 1 1 1 1 
Case #882: 15 2 2 3 3 3 3 3 3 3 11 1 1 1 1 1 
Case #883: 23 7 13 1 1 1 1 1 1 1 1 1 1 1 1 1 1 1 1 1 1 1 1 1 
Case #884: 23 2 2 3 3 3 3 5 5 1 1 1 1 1 1 1 1 1 1 1 1 1 1 1 
Case #885: 31 2 2 2 2 2 2 2 2 3 1 1 1 1 1 1 1 1 1 1 1 1 1 1 1 1 1 1 1 1 1 1 
Case #886: 23 2 2 2 2 3 3 3 5 5 1 1 1 1 1 1 1 1 1 1 1 1 1 1 
Case #887: 21 2 2 5 5 11 1 1 1 1 1 1 1 1 1 1 1 1 1 1 1 1 
Case #888: 18 2 2 2 2 2 3 3 3 3 3 3 3 5 1 1 1 1 1 
Case #889: -1
Case #890: 19 2 2 3 3 3 5 11 1 1 1 1 1 1 1 1 1 1 1 1 
Case #891: -1
Case #892: -1
Case #893: 21 2 2 2 2 2 2 3 3 3 3 3 5 1 1 1 1 1 1 1 1 1 
Case #894: 21 2 2 3 3 5 5 7 1 1 1 1 1 1 1 1 1 1 1 1 1 1 
Case #895: 16 2 2 2 2 2 3 19 1 1 1 1 1 1 1 1 1 
Case #896: 21 5 17 1 1 1 1 1 1 1 1 1 1 1 1 1 1 1 1 1 1 1 
Case #897: 17 2 2 3 3 3 5 7 7 1 1 1 1 1 1 1 1 1 
Case #898: -1
Case #899: 20 2 3 3 3 3 3 3 3 3 5 1 1 1 1 1 1 1 1 1 1 
Case #900: 25 2 2 2 2 3 3 3 3 3 3 1 1 1 1 1 1 1 1 1 1 1 1 1 1 1 
Case #901: 10 2 2 2 2 2 3 7 19 1 1 
Case #902: 18 2 2 2 2 2 3 3 3 3 3 5 5 1 1 1 1 1 1 
Case #903: 17 2 2 2 2 3 7 7 7 1 1 1 1 1 1 1 1 1 
Case #904: -1
Case #905: 30 2 11 1 1 1 1 1 1 1 1 1 1 1 1 1 1 1 1 1 1 1 1 1 1 1 1 1 1 1 1 
Case #906: 21 2 2 3 3 3 3 11 1 1 1 1 1 1 1 1 1 1 1 1 1 1 
Case #907: 22 2 3 3 3 5 5 5 1 1 1 1 1 1 1 1 1 1 1 1 1 1 1 
Case #908: 15 2 2 2 2 3 3 5 5 11 1 1 1 1 1 1 
Case #909: 18 2 2 2 2 2 2 2 3 3 5 5 5 1 1 1 1 1 1 
Case #910: 18 2 2 2 3 3 3 3 5 5 5 1 1 1 1 1 1 1 1 
Case #911: 22 2 3 17 1 1 1 1 1 1 1 1 1 1 1 1 1 1 1 1 1 1 1 
Case #912: 23 2 2 2 2 3 7 7 1 1 1 1 1 1 1 1 1 1 1 1 1 1 1 1 
Case #913: 18 2 2 2 3 3 3 3 7 7 1 1 1 1 1 1 1 1 1 
Case #914: 17 2 2 3 3 3 7 11 1 1 1 1 1 1 1 1 1 1 
Case #915: -1
Case #916: 32 2 3 3 5 1 1 1 1 1 1 1 1 1 1 1 1 1 1 1 1 1 1 1 1 1 1 1 1 1 1 1 1 
Case #917: 36 2 2 2 2 2 1 1 1 1 1 1 1 1 1 1 1 1 1 1 1 1 1 1 1 1 1 1 1 1 1 1 1 1 1 1 1 
Case #918: 17 2 2 3 5 5 13 1 1 1 1 1 1 1 1 1 1 1 
Case #919: 20 2 2 2 2 2 2 2 3 3 11 1 1 1 1 1 1 1 1 1 1 
Case #920: -1
Case #921: 19 2 2 2 2 3 3 3 3 3 5 5 1 1 1 1 1 1 1 1 
Case #922: 25 2 2 2 2 3 3 3 3 5 1 1 1 1 1 1 1 1 1 1 1 1 1 1 1 1 
Case #923: 22 2 2 2 2 2 2 2 5 5 5 1 1 1 1 1 1 1 1 1 1 1 1 
Case #924: 15 2 2 3 3 3 3 3 5 5 7 1 1 1 1 1 
Case #925: 20 2 2 2 2 2 2 2 3 3 5 7 1 1 1 1 1 1 1 1 1 
Case #926: 24 2 3 3 5 5 5 1 1 1 1 1 1 1 1 1 1 1 1 1 1 1 1 1 1 
Case #927: 13 2 2 3 3 3 3 7 13 1 1 1 1 1 
Case #928: -1
Case #929: -1
Case #930: 14 2 2 2 2 2 3 3 5 5 5 7 1 1 1 
Case #931: 13 2 2 3 3 3 5 5 7 7 1 1 1 1 
Case #932: 11 2 2 2 2 2 2 3 7 17 1 1 
Case #933: 18 2 2 2 2 2 2 2 3 3 3 3 3 7 1 1 1 1 1 
Case #934: 23 2 2 2 2 2 2 3 3 5 5 1 1 1 1 1 1 1 1 1 1 1 1 1 
Case #935: 10 2 3 3 3 5 5 17 1 1 1 
Case #936: 17 2 2 2 2 2 2 2 2 2 2 3 3 5 7 1 1 1 
Case #937: 20 2 2 2 2 2 2 2 2 2 3 3 5 5 1 1 1 1 1 1 1 
Case #938: 16 2 2 2 3 3 3 3 3 3 11 1 1 1 1 1 1 
Case #939: 22 2 2 2 2 2 2 2 2 2 2 2 2 2 3 3 3 1 1 1 1 1 1 
Case #940: 13 2 2 3 3 5 7 13 1 1 1 1 1 1 
Case #941: 28 2 3 3 3 3 5 1 1 1 1 1 1 1 1 1 1 1 1 1 1 1 1 1 1 1 1 1 1 
Case #942: 20 2 2 2 2 2 2 2 3 3 3 3 7 1 1 1 1 1 1 1 1 
Case #943: 17 2 2 2 2 3 3 3 5 5 7 1 1 1 1 1 1 1 
Case #944: 17 2 2 2 2 2 2 3 5 7 7 1 1 1 1 1 1 1 
Case #945: 15 2 2 2 2 2 2 2 2 2 2 3 5 11 1 1 
Case #946: 15 2 2 2 2 2 2 3 3 5 7 7 1 1 1 1 
Case #947: 26 2 2 2 2 2 2 2 2 2 7 1 1 1 1 1 1 1 1 1 1 1 1 1 1 1 1 
Case #948: 21 2 2 2 2 2 2 2 2 2 2 2 2 2 2 7 1 1 1 1 1 1 
Case #949: 20 2 2 2 3 3 3 3 5 7 1 1 1 1 1 1 1 1 1 1 1 
Case #950: -1
Case #951: 20 2 2 2 2 2 2 2 2 2 2 2 2 2 3 3 5 1 1 1 1 
Case #952: 20 2 2 2 2 2 2 2 2 2 2 2 2 2 3 7 1 1 1 1 1 
Case #953: 3 5 17 19 
Case #954: 21 2 2 3 3 3 3 3 5 5 1 1 1 1 1 1 1 1 1 1 1 1 
Case #955: 11 2 2 2 2 3 3 7 17 1 1 1 
Case #956: 21 2 2 2 2 2 2 2 2 3 3 3 3 5 1 1 1 1 1 1 1 1 
Case #957: 27 2 2 2 2 2 2 2 2 2 2 3 3 1 1 1 1 1 1 1 1 1 1 1 1 1 1 1 
Case #958: 12 2 2 2 2 2 2 2 3 5 17 1 1 
Case #959: 24 2 2 2 2 2 2 2 3 3 7 1 1 1 1 1 1 1 1 1 1 1 1 1 1 
Case #960: 26 2 3 3 3 3 7 1 1 1 1 1 1 1 1 1 1 1 1 1 1 1 1 1 1 1 1 
Case #961: 34 2 2 2 2 2 2 2 1 1 1 1 1 1 1 1 1 1 1 1 1 1 1 1 1 1 1 1 1 1 1 1 1 1 1 
Case #962: 15 2 2 2 2 7 7 11 1 1 1 1 1 1 1 1 
Case #963: 14 2 3 3 5 5 5 5 7 1 1 1 1 1 1 
Case #964: 12 2 2 2 3 3 5 19 1 1 1 1 1 
Case #965: 28 2 2 2 2 2 2 2 2 2 5 1 1 1 1 1 1 1 1 1 1 1 1 1 1 1 1 1 1 
